2016-05-23 18:12:01 0 [Warning] TIMESTAMP with implicit DEFAULT value is deprecated. Please use --explicit_defaults_for_timestamp server option (see documentation for more details).
2016-05-23 18:12:01 21 [Note] InnoDB: Using atomics to ref count buffer pool pages
2016-05-23 18:12:01 21 [Note] InnoDB: The InnoDB memory heap is disabled
2016-05-23 18:12:01 21 [Note] InnoDB: Mutexes and rw_locks use GCC atomic builtins
2016-05-23 18:12:01 21 [Note] InnoDB: Memory barrier is not used
2016-05-23 18:12:01 21 [Note] InnoDB: Compressed tables use zlib 1.2.3
2016-05-23 18:12:01 21 [Note] InnoDB: Using Linux native AIO
2016-05-23 18:12:01 21 [Note] InnoDB: Using CPU crc32 instructions
2016-05-23 18:12:01 21 [Note] InnoDB: Initializing buffer pool, size = 128.0M
2016-05-23 18:12:01 21 [Note] InnoDB: Completed initialization of buffer pool
2016-05-23 18:12:01 21 [Note] InnoDB: The first specified data file ./ibdata1 did not exist: a new database to be created!
2016-05-23 18:12:01 21 [Note] InnoDB: Setting file ./ibdata1 size to 12 MB
2016-05-23 18:12:01 21 [Note] InnoDB: Database physically writes the file full: wait...
2016-05-23 18:12:01 21 [Note] InnoDB: Setting log file ./ib_logfile101 size to 48 MB
2016-05-23 18:12:01 21 [Note] InnoDB: Setting log file ./ib_logfile1 size to 48 MB
2016-05-23 18:12:01 21 [Note] InnoDB: Renaming log file ./ib_logfile101 to ./ib_logfile0
2016-05-23 18:12:01 21 [Warning] InnoDB: New log files created, LSN=45781
2016-05-23 18:12:01 21 [Note] InnoDB: Doublewrite buffer not found: creating new
2016-05-23 18:12:01 21 [Note] InnoDB: Doublewrite buffer created
2016-05-23 18:12:01 21 [Note] InnoDB: 128 rollback segment(s) are active.
2016-05-23 18:12:01 21 [Warning] InnoDB: Creating foreign key constraint system tables.
2016-05-23 18:12:01 21 [Note] InnoDB: Foreign key constraint system tables created
2016-05-23 18:12:01 21 [Note] InnoDB: Creating tablespace and datafile system tables.
2016-05-23 18:12:01 21 [Note] InnoDB: Tablespace and datafile system tables created.
2016-05-23 18:12:01 21 [Note] InnoDB: Waiting for purge to start
2016-05-23 18:12:01 21 [Note] InnoDB: 5.6.23 started; log sequence number 0
2016-05-23 18:12:02 21 [Note] Binlog end
2016-05-23 18:12:02 21 [Note] InnoDB: FTS optimize thread exiting.
2016-05-23 18:12:02 21 [Note] InnoDB: Starting shutdown...
2016-05-23 18:12:03 21 [Note] InnoDB: Shutdown completed; log sequence number 1625977
2016-05-23 18:12:03 0 [Warning] TIMESTAMP with implicit DEFAULT value is deprecated. Please use --explicit_defaults_for_timestamp server option (see documentation for more details).
2016-05-23 18:12:03 43 [Note] InnoDB: Using atomics to ref count buffer pool pages
2016-05-23 18:12:03 43 [Note] InnoDB: The InnoDB memory heap is disabled
2016-05-23 18:12:03 43 [Note] InnoDB: Mutexes and rw_locks use GCC atomic builtins
2016-05-23 18:12:03 43 [Note] InnoDB: Memory barrier is not used
2016-05-23 18:12:03 43 [Note] InnoDB: Compressed tables use zlib 1.2.3
2016-05-23 18:12:03 43 [Note] InnoDB: Using Linux native AIO
2016-05-23 18:12:03 43 [Note] InnoDB: Using CPU crc32 instructions
2016-05-23 18:12:03 43 [Note] InnoDB: Initializing buffer pool, size = 128.0M
2016-05-23 18:12:03 43 [Note] InnoDB: Completed initialization of buffer pool
2016-05-23 18:12:03 43 [Note] InnoDB: Highest supported file format is Barracuda.
2016-05-23 18:12:03 43 [Note] InnoDB: 128 rollback segment(s) are active.
2016-05-23 18:12:03 43 [Note] InnoDB: Waiting for purge to start
2016-05-23 18:12:03 43 [Note] InnoDB: 5.6.23 started; log sequence number 1625977
2016-05-23 18:12:04 43 [Note] Binlog end
2016-05-23 18:12:04 43 [Note] InnoDB: FTS optimize thread exiting.
2016-05-23 18:12:04 43 [Note] InnoDB: Starting shutdown...
2016-05-23 18:12:05 43 [Note] InnoDB: Shutdown completed; log sequence number 1625987
2016-05-23 18:12:06 0 [Warning] TIMESTAMP with implicit DEFAULT value is deprecated. Please use --explicit_defaults_for_timestamp server option (see documentation for more details).
2016-05-23 18:12:06 67 [Warning] Setting lower_case_table_names=2 because file system for /var/lib/mysql/ is case insensitive
2016-05-23 18:12:06 67 [Note] Plugin 'FEDERATED' is disabled.
2016-05-23 18:12:06 67 [Note] InnoDB: Using atomics to ref count buffer pool pages
2016-05-23 18:12:06 67 [Note] InnoDB: The InnoDB memory heap is disabled
2016-05-23 18:12:06 67 [Note] InnoDB: Mutexes and rw_locks use GCC atomic builtins
2016-05-23 18:12:06 67 [Note] InnoDB: Memory barrier is not used
2016-05-23 18:12:06 67 [Note] InnoDB: Compressed tables use zlib 1.2.3
2016-05-23 18:12:06 67 [Note] InnoDB: Using Linux native AIO
2016-05-23 18:12:06 67 [Note] InnoDB: Using CPU crc32 instructions
2016-05-23 18:12:06 67 [Note] InnoDB: Initializing buffer pool, size = 128.0M
2016-05-23 18:12:06 67 [Note] InnoDB: Completed initialization of buffer pool
2016-05-23 18:12:06 67 [Note] InnoDB: Highest supported file format is Barracuda.
2016-05-23 18:12:06 67 [Note] InnoDB: 128 rollback segment(s) are active.
2016-05-23 18:12:06 67 [Note] InnoDB: Waiting for purge to start
2016-05-23 18:12:06 67 [Note] InnoDB: 5.6.23 started; log sequence number 1625987
2016-05-23 18:12:06 67 [Warning] No existing UUID has been found, so we assume that this is the first time that this server has been started. Generating a new UUID: db91ec46-2111-11e6-aa80-0242ac110002.
2016-05-23 18:12:06 67 [Note] Server hostname (bind-address): '*'; port: 3306
2016-05-23 18:12:06 67 [Note] IPv6 is available.
2016-05-23 18:12:06 67 [Note]   - '::' resolves to '::';
2016-05-23 18:12:06 67 [Note] Server socket created on IP: '::'.
2016-05-23 18:12:06 67 [ERROR] Can't start server : Bind on unix socket: Operation not permitted
2016-05-23 18:12:06 67 [ERROR] Do you already have another mysqld server running on socket: /var/lib/mysql/mysql.sock ?
2016-05-23 18:12:06 67 [ERROR] Aborting

2016-05-23 18:12:06 67 [Note] Binlog end
2016-05-23 18:12:06 67 [Note] Shutting down plugin 'partition'
2016-05-23 18:12:06 67 [Note] Shutting down plugin 'INNODB_SYS_DATAFILES'
2016-05-23 18:12:06 67 [Note] Shutting down plugin 'INNODB_SYS_TABLESPACES'
2016-05-23 18:12:06 67 [Note] Shutting down plugin 'INNODB_SYS_FOREIGN_COLS'
2016-05-23 18:12:06 67 [Note] Shutting down plugin 'INNODB_SYS_FOREIGN'
2016-05-23 18:12:06 67 [Note] Shutting down plugin 'INNODB_SYS_FIELDS'
2016-05-23 18:12:06 67 [Note] Shutting down plugin 'INNODB_SYS_COLUMNS'
2016-05-23 18:12:06 67 [Note] Shutting down plugin 'INNODB_SYS_INDEXES'
2016-05-23 18:12:06 67 [Note] Shutting down plugin 'INNODB_SYS_TABLESTATS'
2016-05-23 18:12:06 67 [Note] Shutting down plugin 'INNODB_SYS_TABLES'
2016-05-23 18:12:06 67 [Note] Shutting down plugin 'INNODB_FT_INDEX_TABLE'
2016-05-23 18:12:06 67 [Note] Shutting down plugin 'INNODB_FT_INDEX_CACHE'
2016-05-23 18:12:06 67 [Note] Shutting down plugin 'INNODB_FT_CONFIG'
2016-05-23 18:12:06 67 [Note] Shutting down plugin 'INNODB_FT_BEING_DELETED'
2016-05-23 18:12:06 67 [Note] Shutting down plugin 'INNODB_FT_DELETED'
2016-05-23 18:12:06 67 [Note] Shutting down plugin 'INNODB_FT_DEFAULT_STOPWORD'
2016-05-23 18:12:06 67 [Note] Shutting down plugin 'INNODB_METRICS'
2016-05-23 18:12:06 67 [Note] Shutting down plugin 'INNODB_BUFFER_POOL_STATS'
2016-05-23 18:12:06 67 [Note] Shutting down plugin 'INNODB_BUFFER_PAGE_LRU'
2016-05-23 18:12:06 67 [Note] Shutting down plugin 'INNODB_BUFFER_PAGE'
2016-05-23 18:12:06 67 [Note] Shutting down plugin 'INNODB_CMP_PER_INDEX_RESET'
2016-05-23 18:12:06 67 [Note] Shutting down plugin 'INNODB_CMP_PER_INDEX'
2016-05-23 18:12:06 67 [Note] Shutting down plugin 'INNODB_CMPMEM_RESET'
2016-05-23 18:12:06 67 [Note] Shutting down plugin 'INNODB_CMPMEM'
2016-05-23 18:12:06 67 [Note] Shutting down plugin 'INNODB_CMP_RESET'
2016-05-23 18:12:06 67 [Note] Shutting down plugin 'INNODB_CMP'
2016-05-23 18:12:06 67 [Note] Shutting down plugin 'INNODB_LOCK_WAITS'
2016-05-23 18:12:06 67 [Note] Shutting down plugin 'INNODB_LOCKS'
2016-05-23 18:12:06 67 [Note] Shutting down plugin 'INNODB_TRX'
2016-05-23 18:12:06 67 [Note] Shutting down plugin 'InnoDB'
2016-05-23 18:12:06 67 [Note] InnoDB: FTS optimize thread exiting.
2016-05-23 18:12:06 67 [Note] InnoDB: Starting shutdown...
2016-05-23 18:12:08 67 [Note] InnoDB: Shutdown completed; log sequence number 1625997
2016-05-23 18:12:08 67 [Note] Shutting down plugin 'BLACKHOLE'
2016-05-23 18:12:08 67 [Note] Shutting down plugin 'PERFORMANCE_SCHEMA'
2016-05-23 18:12:08 67 [Note] Shutting down plugin 'ARCHIVE'
2016-05-23 18:12:08 67 [Note] Shutting down plugin 'CSV'
2016-05-23 18:12:08 67 [Note] Shutting down plugin 'MEMORY'
2016-05-23 18:12:08 67 [Note] Shutting down plugin 'MRG_MYISAM'
2016-05-23 18:12:08 67 [Note] Shutting down plugin 'MyISAM'
2016-05-23 18:12:08 67 [Note] Shutting down plugin 'sha256_password'
2016-05-23 18:12:08 67 [Note] Shutting down plugin 'mysql_old_password'
2016-05-23 18:12:08 67 [Note] Shutting down plugin 'mysql_native_password'
2016-05-23 18:12:08 67 [Note] Shutting down plugin 'binlog'
2016-05-23 18:12:08 67 [Note] /usr/sbin/mysqld: Shutdown complete

2016-05-23 18:12:09 0 [Warning] TIMESTAMP with implicit DEFAULT value is deprecated. Please use --explicit_defaults_for_timestamp server option (see documentation for more details).
2016-05-23 18:12:09 90 [Warning] Setting lower_case_table_names=2 because file system for /var/lib/mysql/ is case insensitive
2016-05-23 18:12:09 90 [Note] Plugin 'FEDERATED' is disabled.
2016-05-23 18:12:09 90 [Note] InnoDB: Using atomics to ref count buffer pool pages
2016-05-23 18:12:09 90 [Note] InnoDB: The InnoDB memory heap is disabled
2016-05-23 18:12:09 90 [Note] InnoDB: Mutexes and rw_locks use GCC atomic builtins
2016-05-23 18:12:09 90 [Note] InnoDB: Memory barrier is not used
2016-05-23 18:12:09 90 [Note] InnoDB: Compressed tables use zlib 1.2.3
2016-05-23 18:12:09 90 [Note] InnoDB: Using Linux native AIO
2016-05-23 18:12:09 90 [Note] InnoDB: Using CPU crc32 instructions
2016-05-23 18:12:09 90 [Note] InnoDB: Initializing buffer pool, size = 128.0M
2016-05-23 18:12:09 90 [Note] InnoDB: Completed initialization of buffer pool
2016-05-23 18:12:09 90 [Note] InnoDB: Highest supported file format is Barracuda.
2016-05-23 18:12:09 90 [Note] InnoDB: 128 rollback segment(s) are active.
2016-05-23 18:12:09 90 [Note] InnoDB: Waiting for purge to start
2016-05-23 18:12:09 90 [Note] InnoDB: 5.6.23 started; log sequence number 1625997
Warning: World-writable config file './auto.cnf' is ignored
2016-05-23 18:12:09 90 [Warning] World-writable config file './auto.cnf' has been removed.

2016-05-23 18:12:09 90 [Warning] No existing UUID has been found, so we assume that this is the first time that this server has been started. Generating a new UUID: dd7fb18b-2111-11e6-aa80-0242ac110002.
2016-05-23 18:12:09 90 [Note] Server hostname (bind-address): '*'; port: 3306
2016-05-23 18:12:09 90 [Note] IPv6 is available.
2016-05-23 18:12:09 90 [Note]   - '::' resolves to '::';
2016-05-23 18:12:09 90 [Note] Server socket created on IP: '::'.
2016-05-23 18:12:09 90 [ERROR] Can't start server : Bind on unix socket: Operation not permitted
2016-05-23 18:12:09 90 [ERROR] Do you already have another mysqld server running on socket: /var/lib/mysql/mysql.sock ?
2016-05-23 18:12:09 90 [ERROR] Aborting

2016-05-23 18:12:09 90 [Note] Binlog end
2016-05-23 18:12:09 90 [Note] Shutting down plugin 'partition'
2016-05-23 18:12:09 90 [Note] Shutting down plugin 'INNODB_SYS_DATAFILES'
2016-05-23 18:12:09 90 [Note] Shutting down plugin 'INNODB_SYS_TABLESPACES'
2016-05-23 18:12:09 90 [Note] Shutting down plugin 'INNODB_SYS_FOREIGN_COLS'
2016-05-23 18:12:09 90 [Note] Shutting down plugin 'INNODB_SYS_FOREIGN'
2016-05-23 18:12:09 90 [Note] Shutting down plugin 'INNODB_SYS_FIELDS'
2016-05-23 18:12:09 90 [Note] Shutting down plugin 'INNODB_SYS_COLUMNS'
2016-05-23 18:12:09 90 [Note] Shutting down plugin 'INNODB_SYS_INDEXES'
2016-05-23 18:12:09 90 [Note] Shutting down plugin 'INNODB_SYS_TABLESTATS'
2016-05-23 18:12:09 90 [Note] Shutting down plugin 'INNODB_SYS_TABLES'
2016-05-23 18:12:09 90 [Note] Shutting down plugin 'INNODB_FT_INDEX_TABLE'
2016-05-23 18:12:09 90 [Note] Shutting down plugin 'INNODB_FT_INDEX_CACHE'
2016-05-23 18:12:09 90 [Note] Shutting down plugin 'INNODB_FT_CONFIG'
2016-05-23 18:12:09 90 [Note] Shutting down plugin 'INNODB_FT_BEING_DELETED'
2016-05-23 18:12:09 90 [Note] Shutting down plugin 'INNODB_FT_DELETED'
2016-05-23 18:12:09 90 [Note] Shutting down plugin 'INNODB_FT_DEFAULT_STOPWORD'
2016-05-23 18:12:09 90 [Note] Shutting down plugin 'INNODB_METRICS'
2016-05-23 18:12:09 90 [Note] Shutting down plugin 'INNODB_BUFFER_POOL_STATS'
2016-05-23 18:12:09 90 [Note] Shutting down plugin 'INNODB_BUFFER_PAGE_LRU'
2016-05-23 18:12:09 90 [Note] Shutting down plugin 'INNODB_BUFFER_PAGE'
2016-05-23 18:12:09 90 [Note] Shutting down plugin 'INNODB_CMP_PER_INDEX_RESET'
2016-05-23 18:12:09 90 [Note] Shutting down plugin 'INNODB_CMP_PER_INDEX'
2016-05-23 18:12:09 90 [Note] Shutting down plugin 'INNODB_CMPMEM_RESET'
2016-05-23 18:12:09 90 [Note] Shutting down plugin 'INNODB_CMPMEM'
2016-05-23 18:12:09 90 [Note] Shutting down plugin 'INNODB_CMP_RESET'
2016-05-23 18:12:09 90 [Note] Shutting down plugin 'INNODB_CMP'
2016-05-23 18:12:09 90 [Note] Shutting down plugin 'INNODB_LOCK_WAITS'
2016-05-23 18:12:09 90 [Note] Shutting down plugin 'INNODB_LOCKS'
2016-05-23 18:12:09 90 [Note] Shutting down plugin 'INNODB_TRX'
2016-05-23 18:12:09 90 [Note] Shutting down plugin 'InnoDB'
2016-05-23 18:12:09 90 [Note] InnoDB: FTS optimize thread exiting.
2016-05-23 18:12:09 90 [Note] InnoDB: Starting shutdown...
2016-05-23 18:12:11 90 [Note] InnoDB: Shutdown completed; log sequence number 1626007
2016-05-23 18:12:11 90 [Note] Shutting down plugin 'BLACKHOLE'
2016-05-23 18:12:11 90 [Note] Shutting down plugin 'PERFORMANCE_SCHEMA'
2016-05-23 18:12:11 90 [Note] Shutting down plugin 'ARCHIVE'
2016-05-23 18:12:11 90 [Note] Shutting down plugin 'CSV'
2016-05-23 18:12:11 90 [Note] Shutting down plugin 'MEMORY'
2016-05-23 18:12:11 90 [Note] Shutting down plugin 'MRG_MYISAM'
2016-05-23 18:12:11 90 [Note] Shutting down plugin 'MyISAM'
2016-05-23 18:12:11 90 [Note] Shutting down plugin 'sha256_password'
2016-05-23 18:12:11 90 [Note] Shutting down plugin 'mysql_old_password'
2016-05-23 18:12:11 90 [Note] Shutting down plugin 'mysql_native_password'
2016-05-23 18:12:11 90 [Note] Shutting down plugin 'binlog'
2016-05-23 18:12:11 90 [Note] /usr/sbin/mysqld: Shutdown complete

2016-05-23 18:12:12 0 [Warning] TIMESTAMP with implicit DEFAULT value is deprecated. Please use --explicit_defaults_for_timestamp server option (see documentation for more details).
2016-05-23 18:12:12 113 [Warning] Setting lower_case_table_names=2 because file system for /var/lib/mysql/ is case insensitive
2016-05-23 18:12:12 113 [Note] Plugin 'FEDERATED' is disabled.
2016-05-23 18:12:12 113 [Note] InnoDB: Using atomics to ref count buffer pool pages
2016-05-23 18:12:12 113 [Note] InnoDB: The InnoDB memory heap is disabled
2016-05-23 18:12:12 113 [Note] InnoDB: Mutexes and rw_locks use GCC atomic builtins
2016-05-23 18:12:12 113 [Note] InnoDB: Memory barrier is not used
2016-05-23 18:12:12 113 [Note] InnoDB: Compressed tables use zlib 1.2.3
2016-05-23 18:12:12 113 [Note] InnoDB: Using Linux native AIO
2016-05-23 18:12:12 113 [Note] InnoDB: Using CPU crc32 instructions
2016-05-23 18:12:12 113 [Note] InnoDB: Initializing buffer pool, size = 128.0M
2016-05-23 18:12:12 113 [Note] InnoDB: Completed initialization of buffer pool
2016-05-23 18:12:12 113 [Note] InnoDB: Highest supported file format is Barracuda.
2016-05-23 18:12:12 113 [Note] InnoDB: 128 rollback segment(s) are active.
2016-05-23 18:12:12 113 [Note] InnoDB: Waiting for purge to start
2016-05-23 18:12:12 113 [Note] InnoDB: 5.6.23 started; log sequence number 1626007
Warning: World-writable config file './auto.cnf' is ignored
2016-05-23 18:12:12 113 [Warning] World-writable config file './auto.cnf' has been removed.

2016-05-23 18:12:12 113 [Warning] No existing UUID has been found, so we assume that this is the first time that this server has been started. Generating a new UUID: df73ff6f-2111-11e6-aa80-0242ac110002.
2016-05-23 18:12:12 113 [Note] Server hostname (bind-address): '*'; port: 3306
2016-05-23 18:12:12 113 [Note] IPv6 is available.
2016-05-23 18:12:12 113 [Note]   - '::' resolves to '::';
2016-05-23 18:12:12 113 [Note] Server socket created on IP: '::'.
2016-05-23 18:12:12 113 [ERROR] Can't start server : Bind on unix socket: Operation not permitted
2016-05-23 18:12:12 113 [ERROR] Do you already have another mysqld server running on socket: /var/lib/mysql/mysql.sock ?
2016-05-23 18:12:12 113 [ERROR] Aborting

2016-05-23 18:12:12 113 [Note] Binlog end
2016-05-23 18:12:12 113 [Note] Shutting down plugin 'partition'
2016-05-23 18:12:12 113 [Note] Shutting down plugin 'INNODB_SYS_DATAFILES'
2016-05-23 18:12:12 113 [Note] Shutting down plugin 'INNODB_SYS_TABLESPACES'
2016-05-23 18:12:12 113 [Note] Shutting down plugin 'INNODB_SYS_FOREIGN_COLS'
2016-05-23 18:12:12 113 [Note] Shutting down plugin 'INNODB_SYS_FOREIGN'
2016-05-23 18:12:12 113 [Note] Shutting down plugin 'INNODB_SYS_FIELDS'
2016-05-23 18:12:12 113 [Note] Shutting down plugin 'INNODB_SYS_COLUMNS'
2016-05-23 18:12:12 113 [Note] Shutting down plugin 'INNODB_SYS_INDEXES'
2016-05-23 18:12:12 113 [Note] Shutting down plugin 'INNODB_SYS_TABLESTATS'
2016-05-23 18:12:12 113 [Note] Shutting down plugin 'INNODB_SYS_TABLES'
2016-05-23 18:12:12 113 [Note] Shutting down plugin 'INNODB_FT_INDEX_TABLE'
2016-05-23 18:12:12 113 [Note] Shutting down plugin 'INNODB_FT_INDEX_CACHE'
2016-05-23 18:12:12 113 [Note] Shutting down plugin 'INNODB_FT_CONFIG'
2016-05-23 18:12:12 113 [Note] Shutting down plugin 'INNODB_FT_BEING_DELETED'
2016-05-23 18:12:12 113 [Note] Shutting down plugin 'INNODB_FT_DELETED'
2016-05-23 18:12:12 113 [Note] Shutting down plugin 'INNODB_FT_DEFAULT_STOPWORD'
2016-05-23 18:12:12 113 [Note] Shutting down plugin 'INNODB_METRICS'
2016-05-23 18:12:12 113 [Note] Shutting down plugin 'INNODB_BUFFER_POOL_STATS'
2016-05-23 18:12:12 113 [Note] Shutting down plugin 'INNODB_BUFFER_PAGE_LRU'
2016-05-23 18:12:12 113 [Note] Shutting down plugin 'INNODB_BUFFER_PAGE'
2016-05-23 18:12:12 113 [Note] Shutting down plugin 'INNODB_CMP_PER_INDEX_RESET'
2016-05-23 18:12:12 113 [Note] Shutting down plugin 'INNODB_CMP_PER_INDEX'
2016-05-23 18:12:12 113 [Note] Shutting down plugin 'INNODB_CMPMEM_RESET'
2016-05-23 18:12:12 113 [Note] Shutting down plugin 'INNODB_CMPMEM'
2016-05-23 18:12:12 113 [Note] Shutting down plugin 'INNODB_CMP_RESET'
2016-05-23 18:12:12 113 [Note] Shutting down plugin 'INNODB_CMP'
2016-05-23 18:12:12 113 [Note] Shutting down plugin 'INNODB_LOCK_WAITS'
2016-05-23 18:12:12 113 [Note] Shutting down plugin 'INNODB_LOCKS'
2016-05-23 18:12:12 113 [Note] Shutting down plugin 'INNODB_TRX'
2016-05-23 18:12:12 113 [Note] Shutting down plugin 'InnoDB'
2016-05-23 18:12:12 113 [Note] InnoDB: FTS optimize thread exiting.
2016-05-23 18:12:12 113 [Note] InnoDB: Starting shutdown...
2016-05-23 18:12:14 113 [Note] InnoDB: Shutdown completed; log sequence number 1626017
2016-05-23 18:12:14 113 [Note] Shutting down plugin 'BLACKHOLE'
2016-05-23 18:12:14 113 [Note] Shutting down plugin 'PERFORMANCE_SCHEMA'
2016-05-23 18:12:14 113 [Note] Shutting down plugin 'ARCHIVE'
2016-05-23 18:12:14 113 [Note] Shutting down plugin 'CSV'
2016-05-23 18:12:14 113 [Note] Shutting down plugin 'MEMORY'
2016-05-23 18:12:14 113 [Note] Shutting down plugin 'MRG_MYISAM'
2016-05-23 18:12:14 113 [Note] Shutting down plugin 'MyISAM'
2016-05-23 18:12:14 113 [Note] Shutting down plugin 'sha256_password'
2016-05-23 18:12:14 113 [Note] Shutting down plugin 'mysql_old_password'
2016-05-23 18:12:14 113 [Note] Shutting down plugin 'mysql_native_password'
2016-05-23 18:12:14 113 [Note] Shutting down plugin 'binlog'
2016-05-23 18:12:14 113 [Note] /usr/sbin/mysqld: Shutdown complete

2016-05-23 18:12:15 0 [Warning] TIMESTAMP with implicit DEFAULT value is deprecated. Please use --explicit_defaults_for_timestamp server option (see documentation for more details).
2016-05-23 18:12:15 136 [Warning] Setting lower_case_table_names=2 because file system for /var/lib/mysql/ is case insensitive
2016-05-23 18:12:15 136 [Note] Plugin 'FEDERATED' is disabled.
2016-05-23 18:12:15 136 [Note] InnoDB: Using atomics to ref count buffer pool pages
2016-05-23 18:12:15 136 [Note] InnoDB: The InnoDB memory heap is disabled
2016-05-23 18:12:15 136 [Note] InnoDB: Mutexes and rw_locks use GCC atomic builtins
2016-05-23 18:12:15 136 [Note] InnoDB: Memory barrier is not used
2016-05-23 18:12:15 136 [Note] InnoDB: Compressed tables use zlib 1.2.3
2016-05-23 18:12:15 136 [Note] InnoDB: Using Linux native AIO
2016-05-23 18:12:15 136 [Note] InnoDB: Using CPU crc32 instructions
2016-05-23 18:12:15 136 [Note] InnoDB: Initializing buffer pool, size = 128.0M
2016-05-23 18:12:15 136 [Note] InnoDB: Completed initialization of buffer pool
2016-05-23 18:12:15 136 [Note] InnoDB: Highest supported file format is Barracuda.
2016-05-23 18:12:15 136 [Note] InnoDB: 128 rollback segment(s) are active.
2016-05-23 18:12:15 136 [Note] InnoDB: Waiting for purge to start
2016-05-23 18:12:16 136 [Note] InnoDB: 5.6.23 started; log sequence number 1626017
Warning: World-writable config file './auto.cnf' is ignored
2016-05-23 18:12:16 136 [Warning] World-writable config file './auto.cnf' has been removed.

2016-05-23 18:12:16 136 [Warning] No existing UUID has been found, so we assume that this is the first time that this server has been started. Generating a new UUID: e15bef8f-2111-11e6-aa80-0242ac110002.
2016-05-23 18:12:16 136 [Note] Server hostname (bind-address): '*'; port: 3306
2016-05-23 18:12:16 136 [Note] IPv6 is available.
2016-05-23 18:12:16 136 [Note]   - '::' resolves to '::';
2016-05-23 18:12:16 136 [Note] Server socket created on IP: '::'.
2016-05-23 18:12:16 136 [ERROR] Can't start server : Bind on unix socket: Operation not permitted
2016-05-23 18:12:16 136 [ERROR] Do you already have another mysqld server running on socket: /var/lib/mysql/mysql.sock ?
2016-05-23 18:12:16 136 [ERROR] Aborting

2016-05-23 18:12:16 136 [Note] Binlog end
2016-05-23 18:12:16 136 [Note] Shutting down plugin 'partition'
2016-05-23 18:12:16 136 [Note] Shutting down plugin 'INNODB_SYS_DATAFILES'
2016-05-23 18:12:16 136 [Note] Shutting down plugin 'INNODB_SYS_TABLESPACES'
2016-05-23 18:12:16 136 [Note] Shutting down plugin 'INNODB_SYS_FOREIGN_COLS'
2016-05-23 18:12:16 136 [Note] Shutting down plugin 'INNODB_SYS_FOREIGN'
2016-05-23 18:12:16 136 [Note] Shutting down plugin 'INNODB_SYS_FIELDS'
2016-05-23 18:12:16 136 [Note] Shutting down plugin 'INNODB_SYS_COLUMNS'
2016-05-23 18:12:16 136 [Note] Shutting down plugin 'INNODB_SYS_INDEXES'
2016-05-23 18:12:16 136 [Note] Shutting down plugin 'INNODB_SYS_TABLESTATS'
2016-05-23 18:12:16 136 [Note] Shutting down plugin 'INNODB_SYS_TABLES'
2016-05-23 18:12:16 136 [Note] Shutting down plugin 'INNODB_FT_INDEX_TABLE'
2016-05-23 18:12:16 136 [Note] Shutting down plugin 'INNODB_FT_INDEX_CACHE'
2016-05-23 18:12:16 136 [Note] Shutting down plugin 'INNODB_FT_CONFIG'
2016-05-23 18:12:16 136 [Note] Shutting down plugin 'INNODB_FT_BEING_DELETED'
2016-05-23 18:12:16 136 [Note] Shutting down plugin 'INNODB_FT_DELETED'
2016-05-23 18:12:16 136 [Note] Shutting down plugin 'INNODB_FT_DEFAULT_STOPWORD'
2016-05-23 18:12:16 136 [Note] Shutting down plugin 'INNODB_METRICS'
2016-05-23 18:12:16 136 [Note] Shutting down plugin 'INNODB_BUFFER_POOL_STATS'
2016-05-23 18:12:16 136 [Note] Shutting down plugin 'INNODB_BUFFER_PAGE_LRU'
2016-05-23 18:12:16 136 [Note] Shutting down plugin 'INNODB_BUFFER_PAGE'
2016-05-23 18:12:16 136 [Note] Shutting down plugin 'INNODB_CMP_PER_INDEX_RESET'
2016-05-23 18:12:16 136 [Note] Shutting down plugin 'INNODB_CMP_PER_INDEX'
2016-05-23 18:12:16 136 [Note] Shutting down plugin 'INNODB_CMPMEM_RESET'
2016-05-23 18:12:16 136 [Note] Shutting down plugin 'INNODB_CMPMEM'
2016-05-23 18:12:16 136 [Note] Shutting down plugin 'INNODB_CMP_RESET'
2016-05-23 18:12:16 136 [Note] Shutting down plugin 'INNODB_CMP'
2016-05-23 18:12:16 136 [Note] Shutting down plugin 'INNODB_LOCK_WAITS'
2016-05-23 18:12:16 136 [Note] Shutting down plugin 'INNODB_LOCKS'
2016-05-23 18:12:16 136 [Note] Shutting down plugin 'INNODB_TRX'
2016-05-23 18:12:16 136 [Note] Shutting down plugin 'InnoDB'
2016-05-23 18:12:16 136 [Note] InnoDB: FTS optimize thread exiting.
2016-05-23 18:12:16 136 [Note] InnoDB: Starting shutdown...
2016-05-23 18:12:17 136 [Note] InnoDB: Shutdown completed; log sequence number 1626027
2016-05-23 18:12:17 136 [Note] Shutting down plugin 'BLACKHOLE'
2016-05-23 18:12:17 136 [Note] Shutting down plugin 'PERFORMANCE_SCHEMA'
2016-05-23 18:12:17 136 [Note] Shutting down plugin 'ARCHIVE'
2016-05-23 18:12:17 136 [Note] Shutting down plugin 'CSV'
2016-05-23 18:12:17 136 [Note] Shutting down plugin 'MEMORY'
2016-05-23 18:12:17 136 [Note] Shutting down plugin 'MRG_MYISAM'
2016-05-23 18:12:17 136 [Note] Shutting down plugin 'MyISAM'
2016-05-23 18:12:17 136 [Note] Shutting down plugin 'sha256_password'
2016-05-23 18:12:17 136 [Note] Shutting down plugin 'mysql_old_password'
2016-05-23 18:12:17 136 [Note] Shutting down plugin 'mysql_native_password'
2016-05-23 18:12:17 136 [Note] Shutting down plugin 'binlog'
2016-05-23 18:12:17 136 [Note] /usr/sbin/mysqld: Shutdown complete

2016-05-23 18:12:19 0 [Warning] TIMESTAMP with implicit DEFAULT value is deprecated. Please use --explicit_defaults_for_timestamp server option (see documentation for more details).
2016-05-23 18:12:19 159 [Warning] Setting lower_case_table_names=2 because file system for /var/lib/mysql/ is case insensitive
2016-05-23 18:12:19 159 [Note] Plugin 'FEDERATED' is disabled.
2016-05-23 18:12:19 159 [Note] InnoDB: Using atomics to ref count buffer pool pages
2016-05-23 18:12:19 159 [Note] InnoDB: The InnoDB memory heap is disabled
2016-05-23 18:12:19 159 [Note] InnoDB: Mutexes and rw_locks use GCC atomic builtins
2016-05-23 18:12:19 159 [Note] InnoDB: Memory barrier is not used
2016-05-23 18:12:19 159 [Note] InnoDB: Compressed tables use zlib 1.2.3
2016-05-23 18:12:19 159 [Note] InnoDB: Using Linux native AIO
2016-05-23 18:12:19 159 [Note] InnoDB: Using CPU crc32 instructions
2016-05-23 18:12:19 159 [Note] InnoDB: Initializing buffer pool, size = 128.0M
2016-05-23 18:12:19 159 [Note] InnoDB: Completed initialization of buffer pool
2016-05-23 18:12:19 159 [Note] InnoDB: Highest supported file format is Barracuda.
2016-05-23 18:12:19 159 [Note] InnoDB: 128 rollback segment(s) are active.
2016-05-23 18:12:19 159 [Note] InnoDB: Waiting for purge to start
2016-05-23 18:12:19 159 [Note] InnoDB: 5.6.23 started; log sequence number 1626027
Warning: World-writable config file './auto.cnf' is ignored
2016-05-23 18:12:19 159 [Warning] World-writable config file './auto.cnf' has been removed.

2016-05-23 18:12:19 159 [Warning] No existing UUID has been found, so we assume that this is the first time that this server has been started. Generating a new UUID: e343f513-2111-11e6-aa80-0242ac110002.
2016-05-23 18:12:19 159 [Note] Server hostname (bind-address): '*'; port: 3306
2016-05-23 18:12:19 159 [Note] IPv6 is available.
2016-05-23 18:12:19 159 [Note]   - '::' resolves to '::';
2016-05-23 18:12:19 159 [Note] Server socket created on IP: '::'.
2016-05-23 18:12:19 159 [ERROR] Can't start server : Bind on unix socket: Operation not permitted
2016-05-23 18:12:19 159 [ERROR] Do you already have another mysqld server running on socket: /var/lib/mysql/mysql.sock ?
2016-05-23 18:12:19 159 [ERROR] Aborting

2016-05-23 18:12:19 159 [Note] Binlog end
2016-05-23 18:12:19 159 [Note] Shutting down plugin 'partition'
2016-05-23 18:12:19 159 [Note] Shutting down plugin 'INNODB_SYS_DATAFILES'
2016-05-23 18:12:19 159 [Note] Shutting down plugin 'INNODB_SYS_TABLESPACES'
2016-05-23 18:12:19 159 [Note] Shutting down plugin 'INNODB_SYS_FOREIGN_COLS'
2016-05-23 18:12:19 159 [Note] Shutting down plugin 'INNODB_SYS_FOREIGN'
2016-05-23 18:12:19 159 [Note] Shutting down plugin 'INNODB_SYS_FIELDS'
2016-05-23 18:12:19 159 [Note] Shutting down plugin 'INNODB_SYS_COLUMNS'
2016-05-23 18:12:19 159 [Note] Shutting down plugin 'INNODB_SYS_INDEXES'
2016-05-23 18:12:19 159 [Note] Shutting down plugin 'INNODB_SYS_TABLESTATS'
2016-05-23 18:12:19 159 [Note] Shutting down plugin 'INNODB_SYS_TABLES'
2016-05-23 18:12:19 159 [Note] Shutting down plugin 'INNODB_FT_INDEX_TABLE'
2016-05-23 18:12:19 159 [Note] Shutting down plugin 'INNODB_FT_INDEX_CACHE'
2016-05-23 18:12:19 159 [Note] Shutting down plugin 'INNODB_FT_CONFIG'
2016-05-23 18:12:19 159 [Note] Shutting down plugin 'INNODB_FT_BEING_DELETED'
2016-05-23 18:12:19 159 [Note] Shutting down plugin 'INNODB_FT_DELETED'
2016-05-23 18:12:19 159 [Note] Shutting down plugin 'INNODB_FT_DEFAULT_STOPWORD'
2016-05-23 18:12:19 159 [Note] Shutting down plugin 'INNODB_METRICS'
2016-05-23 18:12:19 159 [Note] Shutting down plugin 'INNODB_BUFFER_POOL_STATS'
2016-05-23 18:12:19 159 [Note] Shutting down plugin 'INNODB_BUFFER_PAGE_LRU'
2016-05-23 18:12:19 159 [Note] Shutting down plugin 'INNODB_BUFFER_PAGE'
2016-05-23 18:12:19 159 [Note] Shutting down plugin 'INNODB_CMP_PER_INDEX_RESET'
2016-05-23 18:12:19 159 [Note] Shutting down plugin 'INNODB_CMP_PER_INDEX'
2016-05-23 18:12:19 159 [Note] Shutting down plugin 'INNODB_CMPMEM_RESET'
2016-05-23 18:12:19 159 [Note] Shutting down plugin 'INNODB_CMPMEM'
2016-05-23 18:12:19 159 [Note] Shutting down plugin 'INNODB_CMP_RESET'
2016-05-23 18:12:19 159 [Note] Shutting down plugin 'INNODB_CMP'
2016-05-23 18:12:19 159 [Note] Shutting down plugin 'INNODB_LOCK_WAITS'
2016-05-23 18:12:19 159 [Note] Shutting down plugin 'INNODB_LOCKS'
2016-05-23 18:12:19 159 [Note] Shutting down plugin 'INNODB_TRX'
2016-05-23 18:12:19 159 [Note] Shutting down plugin 'InnoDB'
2016-05-23 18:12:19 159 [Note] InnoDB: FTS optimize thread exiting.
2016-05-23 18:12:19 159 [Note] InnoDB: Starting shutdown...
2016-05-23 18:12:21 159 [Note] InnoDB: Shutdown completed; log sequence number 1626037
2016-05-23 18:12:21 159 [Note] Shutting down plugin 'BLACKHOLE'
2016-05-23 18:12:21 159 [Note] Shutting down plugin 'PERFORMANCE_SCHEMA'
2016-05-23 18:12:21 159 [Note] Shutting down plugin 'ARCHIVE'
2016-05-23 18:12:21 159 [Note] Shutting down plugin 'CSV'
2016-05-23 18:12:21 159 [Note] Shutting down plugin 'MEMORY'
2016-05-23 18:12:21 159 [Note] Shutting down plugin 'MRG_MYISAM'
2016-05-23 18:12:21 159 [Note] Shutting down plugin 'MyISAM'
2016-05-23 18:12:21 159 [Note] Shutting down plugin 'sha256_password'
2016-05-23 18:12:21 159 [Note] Shutting down plugin 'mysql_old_password'
2016-05-23 18:12:21 159 [Note] Shutting down plugin 'mysql_native_password'
2016-05-23 18:12:21 159 [Note] Shutting down plugin 'binlog'
2016-05-23 18:12:21 159 [Note] /usr/sbin/mysqld: Shutdown complete

2016-05-23 18:12:22 0 [Warning] TIMESTAMP with implicit DEFAULT value is deprecated. Please use --explicit_defaults_for_timestamp server option (see documentation for more details).
2016-05-23 18:12:22 182 [Warning] Setting lower_case_table_names=2 because file system for /var/lib/mysql/ is case insensitive
2016-05-23 18:12:22 182 [Note] Plugin 'FEDERATED' is disabled.
2016-05-23 18:12:22 182 [Note] InnoDB: Using atomics to ref count buffer pool pages
2016-05-23 18:12:22 182 [Note] InnoDB: The InnoDB memory heap is disabled
2016-05-23 18:12:22 182 [Note] InnoDB: Mutexes and rw_locks use GCC atomic builtins
2016-05-23 18:12:22 182 [Note] InnoDB: Memory barrier is not used
2016-05-23 18:12:22 182 [Note] InnoDB: Compressed tables use zlib 1.2.3
2016-05-23 18:12:22 182 [Note] InnoDB: Using Linux native AIO
2016-05-23 18:12:22 182 [Note] InnoDB: Using CPU crc32 instructions
2016-05-23 18:12:22 182 [Note] InnoDB: Initializing buffer pool, size = 128.0M
2016-05-23 18:12:22 182 [Note] InnoDB: Completed initialization of buffer pool
2016-05-23 18:12:22 182 [Note] InnoDB: Highest supported file format is Barracuda.
2016-05-23 18:12:22 182 [Note] InnoDB: 128 rollback segment(s) are active.
2016-05-23 18:12:22 182 [Note] InnoDB: Waiting for purge to start
2016-05-23 18:12:22 182 [Note] InnoDB: 5.6.23 started; log sequence number 1626037
Warning: World-writable config file './auto.cnf' is ignored
2016-05-23 18:12:22 182 [Warning] World-writable config file './auto.cnf' has been removed.

2016-05-23 18:12:22 182 [Warning] No existing UUID has been found, so we assume that this is the first time that this server has been started. Generating a new UUID: e52ccf00-2111-11e6-aa80-0242ac110002.
2016-05-23 18:12:22 182 [Note] Server hostname (bind-address): '*'; port: 3306
2016-05-23 18:12:22 182 [Note] IPv6 is available.
2016-05-23 18:12:22 182 [Note]   - '::' resolves to '::';
2016-05-23 18:12:22 182 [Note] Server socket created on IP: '::'.
2016-05-23 18:12:22 182 [ERROR] Can't start server : Bind on unix socket: Operation not permitted
2016-05-23 18:12:22 182 [ERROR] Do you already have another mysqld server running on socket: /var/lib/mysql/mysql.sock ?
2016-05-23 18:12:22 182 [ERROR] Aborting

2016-05-23 18:12:22 182 [Note] Binlog end
2016-05-23 18:12:22 182 [Note] Shutting down plugin 'partition'
2016-05-23 18:12:22 182 [Note] Shutting down plugin 'INNODB_SYS_DATAFILES'
2016-05-23 18:12:22 182 [Note] Shutting down plugin 'INNODB_SYS_TABLESPACES'
2016-05-23 18:12:22 182 [Note] Shutting down plugin 'INNODB_SYS_FOREIGN_COLS'
2016-05-23 18:12:22 182 [Note] Shutting down plugin 'INNODB_SYS_FOREIGN'
2016-05-23 18:12:22 182 [Note] Shutting down plugin 'INNODB_SYS_FIELDS'
2016-05-23 18:12:22 182 [Note] Shutting down plugin 'INNODB_SYS_COLUMNS'
2016-05-23 18:12:22 182 [Note] Shutting down plugin 'INNODB_SYS_INDEXES'
2016-05-23 18:12:22 182 [Note] Shutting down plugin 'INNODB_SYS_TABLESTATS'
2016-05-23 18:12:22 182 [Note] Shutting down plugin 'INNODB_SYS_TABLES'
2016-05-23 18:12:22 182 [Note] Shutting down plugin 'INNODB_FT_INDEX_TABLE'
2016-05-23 18:12:22 182 [Note] Shutting down plugin 'INNODB_FT_INDEX_CACHE'
2016-05-23 18:12:22 182 [Note] Shutting down plugin 'INNODB_FT_CONFIG'
2016-05-23 18:12:22 182 [Note] Shutting down plugin 'INNODB_FT_BEING_DELETED'
2016-05-23 18:12:22 182 [Note] Shutting down plugin 'INNODB_FT_DELETED'
2016-05-23 18:12:22 182 [Note] Shutting down plugin 'INNODB_FT_DEFAULT_STOPWORD'
2016-05-23 18:12:22 182 [Note] Shutting down plugin 'INNODB_METRICS'
2016-05-23 18:12:22 182 [Note] Shutting down plugin 'INNODB_BUFFER_POOL_STATS'
2016-05-23 18:12:22 182 [Note] Shutting down plugin 'INNODB_BUFFER_PAGE_LRU'
2016-05-23 18:12:22 182 [Note] Shutting down plugin 'INNODB_BUFFER_PAGE'
2016-05-23 18:12:22 182 [Note] Shutting down plugin 'INNODB_CMP_PER_INDEX_RESET'
2016-05-23 18:12:22 182 [Note] Shutting down plugin 'INNODB_CMP_PER_INDEX'
2016-05-23 18:12:22 182 [Note] Shutting down plugin 'INNODB_CMPMEM_RESET'
2016-05-23 18:12:22 182 [Note] Shutting down plugin 'INNODB_CMPMEM'
2016-05-23 18:12:22 182 [Note] Shutting down plugin 'INNODB_CMP_RESET'
2016-05-23 18:12:22 182 [Note] Shutting down plugin 'INNODB_CMP'
2016-05-23 18:12:22 182 [Note] Shutting down plugin 'INNODB_LOCK_WAITS'
2016-05-23 18:12:22 182 [Note] Shutting down plugin 'INNODB_LOCKS'
2016-05-23 18:12:22 182 [Note] Shutting down plugin 'INNODB_TRX'
2016-05-23 18:12:22 182 [Note] Shutting down plugin 'InnoDB'
2016-05-23 18:12:22 182 [Note] InnoDB: FTS optimize thread exiting.
2016-05-23 18:12:22 182 [Note] InnoDB: Starting shutdown...
2016-05-23 18:12:24 182 [Note] InnoDB: Shutdown completed; log sequence number 1626047
2016-05-23 18:12:24 182 [Note] Shutting down plugin 'BLACKHOLE'
2016-05-23 18:12:24 182 [Note] Shutting down plugin 'PERFORMANCE_SCHEMA'
2016-05-23 18:12:24 182 [Note] Shutting down plugin 'ARCHIVE'
2016-05-23 18:12:24 182 [Note] Shutting down plugin 'CSV'
2016-05-23 18:12:24 182 [Note] Shutting down plugin 'MEMORY'
2016-05-23 18:12:24 182 [Note] Shutting down plugin 'MRG_MYISAM'
2016-05-23 18:12:24 182 [Note] Shutting down plugin 'MyISAM'
2016-05-23 18:12:24 182 [Note] Shutting down plugin 'sha256_password'
2016-05-23 18:12:24 182 [Note] Shutting down plugin 'mysql_old_password'
2016-05-23 18:12:24 182 [Note] Shutting down plugin 'mysql_native_password'
2016-05-23 18:12:24 182 [Note] Shutting down plugin 'binlog'
2016-05-23 18:12:24 182 [Note] /usr/sbin/mysqld: Shutdown complete

2016-05-23 18:12:25 0 [Warning] TIMESTAMP with implicit DEFAULT value is deprecated. Please use --explicit_defaults_for_timestamp server option (see documentation for more details).
2016-05-23 18:12:25 205 [Warning] Setting lower_case_table_names=2 because file system for /var/lib/mysql/ is case insensitive
2016-05-23 18:12:25 205 [Note] Plugin 'FEDERATED' is disabled.
2016-05-23 18:12:25 205 [Note] InnoDB: Using atomics to ref count buffer pool pages
2016-05-23 18:12:25 205 [Note] InnoDB: The InnoDB memory heap is disabled
2016-05-23 18:12:25 205 [Note] InnoDB: Mutexes and rw_locks use GCC atomic builtins
2016-05-23 18:12:25 205 [Note] InnoDB: Memory barrier is not used
2016-05-23 18:12:25 205 [Note] InnoDB: Compressed tables use zlib 1.2.3
2016-05-23 18:12:25 205 [Note] InnoDB: Using Linux native AIO
2016-05-23 18:12:25 205 [Note] InnoDB: Using CPU crc32 instructions
2016-05-23 18:12:25 205 [Note] InnoDB: Initializing buffer pool, size = 128.0M
2016-05-23 18:12:25 205 [Note] InnoDB: Completed initialization of buffer pool
2016-05-23 18:12:26 205 [Note] InnoDB: Highest supported file format is Barracuda.
2016-05-23 18:12:26 205 [Note] InnoDB: 128 rollback segment(s) are active.
2016-05-23 18:12:26 205 [Note] InnoDB: Waiting for purge to start
2016-05-23 18:12:26 205 [Note] InnoDB: 5.6.23 started; log sequence number 1626047
Warning: World-writable config file './auto.cnf' is ignored
2016-05-23 18:12:26 205 [Warning] World-writable config file './auto.cnf' has been removed.

2016-05-23 18:12:26 205 [Warning] No existing UUID has been found, so we assume that this is the first time that this server has been started. Generating a new UUID: e7588b31-2111-11e6-aa80-0242ac110002.
2016-05-23 18:12:26 205 [Note] Server hostname (bind-address): '*'; port: 3306
2016-05-23 18:12:26 205 [Note] IPv6 is available.
2016-05-23 18:12:26 205 [Note]   - '::' resolves to '::';
2016-05-23 18:12:26 205 [Note] Server socket created on IP: '::'.
2016-05-23 18:12:26 205 [ERROR] Can't start server : Bind on unix socket: Operation not permitted
2016-05-23 18:12:26 205 [ERROR] Do you already have another mysqld server running on socket: /var/lib/mysql/mysql.sock ?
2016-05-23 18:12:26 205 [ERROR] Aborting

2016-05-23 18:12:26 205 [Note] Binlog end
2016-05-23 18:12:26 205 [Note] Shutting down plugin 'partition'
2016-05-23 18:12:26 205 [Note] Shutting down plugin 'INNODB_SYS_DATAFILES'
2016-05-23 18:12:26 205 [Note] Shutting down plugin 'INNODB_SYS_TABLESPACES'
2016-05-23 18:12:26 205 [Note] Shutting down plugin 'INNODB_SYS_FOREIGN_COLS'
2016-05-23 18:12:26 205 [Note] Shutting down plugin 'INNODB_SYS_FOREIGN'
2016-05-23 18:12:26 205 [Note] Shutting down plugin 'INNODB_SYS_FIELDS'
2016-05-23 18:12:26 205 [Note] Shutting down plugin 'INNODB_SYS_COLUMNS'
2016-05-23 18:12:26 205 [Note] Shutting down plugin 'INNODB_SYS_INDEXES'
2016-05-23 18:12:26 205 [Note] Shutting down plugin 'INNODB_SYS_TABLESTATS'
2016-05-23 18:12:26 205 [Note] Shutting down plugin 'INNODB_SYS_TABLES'
2016-05-23 18:12:26 205 [Note] Shutting down plugin 'INNODB_FT_INDEX_TABLE'
2016-05-23 18:12:26 205 [Note] Shutting down plugin 'INNODB_FT_INDEX_CACHE'
2016-05-23 18:12:26 205 [Note] Shutting down plugin 'INNODB_FT_CONFIG'
2016-05-23 18:12:26 205 [Note] Shutting down plugin 'INNODB_FT_BEING_DELETED'
2016-05-23 18:12:26 205 [Note] Shutting down plugin 'INNODB_FT_DELETED'
2016-05-23 18:12:26 205 [Note] Shutting down plugin 'INNODB_FT_DEFAULT_STOPWORD'
2016-05-23 18:12:26 205 [Note] Shutting down plugin 'INNODB_METRICS'
2016-05-23 18:12:26 205 [Note] Shutting down plugin 'INNODB_BUFFER_POOL_STATS'
2016-05-23 18:12:26 205 [Note] Shutting down plugin 'INNODB_BUFFER_PAGE_LRU'
2016-05-23 18:12:26 205 [Note] Shutting down plugin 'INNODB_BUFFER_PAGE'
2016-05-23 18:12:26 205 [Note] Shutting down plugin 'INNODB_CMP_PER_INDEX_RESET'
2016-05-23 18:12:26 205 [Note] Shutting down plugin 'INNODB_CMP_PER_INDEX'
2016-05-23 18:12:26 205 [Note] Shutting down plugin 'INNODB_CMPMEM_RESET'
2016-05-23 18:12:26 205 [Note] Shutting down plugin 'INNODB_CMPMEM'
2016-05-23 18:12:26 205 [Note] Shutting down plugin 'INNODB_CMP_RESET'
2016-05-23 18:12:26 205 [Note] Shutting down plugin 'INNODB_CMP'
2016-05-23 18:12:26 205 [Note] Shutting down plugin 'INNODB_LOCK_WAITS'
2016-05-23 18:12:26 205 [Note] Shutting down plugin 'INNODB_LOCKS'
2016-05-23 18:12:26 205 [Note] Shutting down plugin 'INNODB_TRX'
2016-05-23 18:12:26 205 [Note] Shutting down plugin 'InnoDB'
2016-05-23 18:12:26 205 [Note] InnoDB: FTS optimize thread exiting.
2016-05-23 18:12:26 205 [Note] InnoDB: Starting shutdown...
2016-05-23 18:12:27 205 [Note] InnoDB: Shutdown completed; log sequence number 1626057
2016-05-23 18:12:27 205 [Note] Shutting down plugin 'BLACKHOLE'
2016-05-23 18:12:27 205 [Note] Shutting down plugin 'PERFORMANCE_SCHEMA'
2016-05-23 18:12:27 205 [Note] Shutting down plugin 'ARCHIVE'
2016-05-23 18:12:27 205 [Note] Shutting down plugin 'CSV'
2016-05-23 18:12:27 205 [Note] Shutting down plugin 'MEMORY'
2016-05-23 18:12:27 205 [Note] Shutting down plugin 'MRG_MYISAM'
2016-05-23 18:12:27 205 [Note] Shutting down plugin 'MyISAM'
2016-05-23 18:12:27 205 [Note] Shutting down plugin 'sha256_password'
2016-05-23 18:12:27 205 [Note] Shutting down plugin 'mysql_old_password'
2016-05-23 18:12:27 205 [Note] Shutting down plugin 'mysql_native_password'
2016-05-23 18:12:27 205 [Note] Shutting down plugin 'binlog'
2016-05-23 18:12:27 205 [Note] /usr/sbin/mysqld: Shutdown complete

2016-05-23 18:12:29 0 [Warning] TIMESTAMP with implicit DEFAULT value is deprecated. Please use --explicit_defaults_for_timestamp server option (see documentation for more details).
2016-05-23 18:12:29 228 [Warning] Setting lower_case_table_names=2 because file system for /var/lib/mysql/ is case insensitive
2016-05-23 18:12:29 228 [Note] Plugin 'FEDERATED' is disabled.
2016-05-23 18:12:29 228 [Note] InnoDB: Using atomics to ref count buffer pool pages
2016-05-23 18:12:29 228 [Note] InnoDB: The InnoDB memory heap is disabled
2016-05-23 18:12:29 228 [Note] InnoDB: Mutexes and rw_locks use GCC atomic builtins
2016-05-23 18:12:29 228 [Note] InnoDB: Memory barrier is not used
2016-05-23 18:12:29 228 [Note] InnoDB: Compressed tables use zlib 1.2.3
2016-05-23 18:12:29 228 [Note] InnoDB: Using Linux native AIO
2016-05-23 18:12:29 228 [Note] InnoDB: Using CPU crc32 instructions
2016-05-23 18:12:29 228 [Note] InnoDB: Initializing buffer pool, size = 128.0M
2016-05-23 18:12:29 228 [Note] InnoDB: Completed initialization of buffer pool
2016-05-23 18:12:29 228 [Note] InnoDB: Highest supported file format is Barracuda.
2016-05-23 18:12:29 228 [Note] InnoDB: 128 rollback segment(s) are active.
2016-05-23 18:12:29 228 [Note] InnoDB: Waiting for purge to start
2016-05-23 18:12:29 228 [Note] InnoDB: 5.6.23 started; log sequence number 1626057
Warning: World-writable config file './auto.cnf' is ignored
2016-05-23 18:12:29 228 [Warning] World-writable config file './auto.cnf' has been removed.

2016-05-23 18:12:29 228 [Warning] No existing UUID has been found, so we assume that this is the first time that this server has been started. Generating a new UUID: e93f690c-2111-11e6-aa80-0242ac110002.
2016-05-23 18:12:29 228 [Note] Server hostname (bind-address): '*'; port: 3306
2016-05-23 18:12:29 228 [Note] IPv6 is available.
2016-05-23 18:12:29 228 [Note]   - '::' resolves to '::';
2016-05-23 18:12:29 228 [Note] Server socket created on IP: '::'.
2016-05-23 18:12:29 228 [ERROR] Can't start server : Bind on unix socket: Operation not permitted
2016-05-23 18:12:29 228 [ERROR] Do you already have another mysqld server running on socket: /var/lib/mysql/mysql.sock ?
2016-05-23 18:12:29 228 [ERROR] Aborting

2016-05-23 18:12:29 228 [Note] Binlog end
2016-05-23 18:12:29 228 [Note] Shutting down plugin 'partition'
2016-05-23 18:12:29 228 [Note] Shutting down plugin 'INNODB_SYS_DATAFILES'
2016-05-23 18:12:29 228 [Note] Shutting down plugin 'INNODB_SYS_TABLESPACES'
2016-05-23 18:12:29 228 [Note] Shutting down plugin 'INNODB_SYS_FOREIGN_COLS'
2016-05-23 18:12:29 228 [Note] Shutting down plugin 'INNODB_SYS_FOREIGN'
2016-05-23 18:12:29 228 [Note] Shutting down plugin 'INNODB_SYS_FIELDS'
2016-05-23 18:12:29 228 [Note] Shutting down plugin 'INNODB_SYS_COLUMNS'
2016-05-23 18:12:29 228 [Note] Shutting down plugin 'INNODB_SYS_INDEXES'
2016-05-23 18:12:29 228 [Note] Shutting down plugin 'INNODB_SYS_TABLESTATS'
2016-05-23 18:12:29 228 [Note] Shutting down plugin 'INNODB_SYS_TABLES'
2016-05-23 18:12:29 228 [Note] Shutting down plugin 'INNODB_FT_INDEX_TABLE'
2016-05-23 18:12:29 228 [Note] Shutting down plugin 'INNODB_FT_INDEX_CACHE'
2016-05-23 18:12:29 228 [Note] Shutting down plugin 'INNODB_FT_CONFIG'
2016-05-23 18:12:29 228 [Note] Shutting down plugin 'INNODB_FT_BEING_DELETED'
2016-05-23 18:12:29 228 [Note] Shutting down plugin 'INNODB_FT_DELETED'
2016-05-23 18:12:29 228 [Note] Shutting down plugin 'INNODB_FT_DEFAULT_STOPWORD'
2016-05-23 18:12:29 228 [Note] Shutting down plugin 'INNODB_METRICS'
2016-05-23 18:12:29 228 [Note] Shutting down plugin 'INNODB_BUFFER_POOL_STATS'
2016-05-23 18:12:29 228 [Note] Shutting down plugin 'INNODB_BUFFER_PAGE_LRU'
2016-05-23 18:12:29 228 [Note] Shutting down plugin 'INNODB_BUFFER_PAGE'
2016-05-23 18:12:29 228 [Note] Shutting down plugin 'INNODB_CMP_PER_INDEX_RESET'
2016-05-23 18:12:29 228 [Note] Shutting down plugin 'INNODB_CMP_PER_INDEX'
2016-05-23 18:12:29 228 [Note] Shutting down plugin 'INNODB_CMPMEM_RESET'
2016-05-23 18:12:29 228 [Note] Shutting down plugin 'INNODB_CMPMEM'
2016-05-23 18:12:29 228 [Note] Shutting down plugin 'INNODB_CMP_RESET'
2016-05-23 18:12:29 228 [Note] Shutting down plugin 'INNODB_CMP'
2016-05-23 18:12:29 228 [Note] Shutting down plugin 'INNODB_LOCK_WAITS'
2016-05-23 18:12:29 228 [Note] Shutting down plugin 'INNODB_LOCKS'
2016-05-23 18:12:29 228 [Note] Shutting down plugin 'INNODB_TRX'
2016-05-23 18:12:29 228 [Note] Shutting down plugin 'InnoDB'
2016-05-23 18:12:29 228 [Note] InnoDB: FTS optimize thread exiting.
2016-05-23 18:12:29 228 [Note] InnoDB: Starting shutdown...
2016-05-23 18:12:31 228 [Note] InnoDB: Shutdown completed; log sequence number 1626067
2016-05-23 18:12:31 228 [Note] Shutting down plugin 'BLACKHOLE'
2016-05-23 18:12:31 228 [Note] Shutting down plugin 'PERFORMANCE_SCHEMA'
2016-05-23 18:12:31 228 [Note] Shutting down plugin 'ARCHIVE'
2016-05-23 18:12:31 228 [Note] Shutting down plugin 'CSV'
2016-05-23 18:12:31 228 [Note] Shutting down plugin 'MEMORY'
2016-05-23 18:12:31 228 [Note] Shutting down plugin 'MRG_MYISAM'
2016-05-23 18:12:31 228 [Note] Shutting down plugin 'MyISAM'
2016-05-23 18:12:31 228 [Note] Shutting down plugin 'sha256_password'
2016-05-23 18:12:31 228 [Note] Shutting down plugin 'mysql_old_password'
2016-05-23 18:12:31 228 [Note] Shutting down plugin 'mysql_native_password'
2016-05-23 18:12:31 228 [Note] Shutting down plugin 'binlog'
2016-05-23 18:12:31 228 [Note] /usr/sbin/mysqld: Shutdown complete

2016-05-23 18:12:32 0 [Warning] TIMESTAMP with implicit DEFAULT value is deprecated. Please use --explicit_defaults_for_timestamp server option (see documentation for more details).
2016-05-23 18:12:32 251 [Warning] Setting lower_case_table_names=2 because file system for /var/lib/mysql/ is case insensitive
2016-05-23 18:12:32 251 [Note] Plugin 'FEDERATED' is disabled.
2016-05-23 18:12:32 251 [Note] InnoDB: Using atomics to ref count buffer pool pages
2016-05-23 18:12:32 251 [Note] InnoDB: The InnoDB memory heap is disabled
2016-05-23 18:12:32 251 [Note] InnoDB: Mutexes and rw_locks use GCC atomic builtins
2016-05-23 18:12:32 251 [Note] InnoDB: Memory barrier is not used
2016-05-23 18:12:32 251 [Note] InnoDB: Compressed tables use zlib 1.2.3
2016-05-23 18:12:32 251 [Note] InnoDB: Using Linux native AIO
2016-05-23 18:12:32 251 [Note] InnoDB: Using CPU crc32 instructions
2016-05-23 18:12:32 251 [Note] InnoDB: Initializing buffer pool, size = 128.0M
2016-05-23 18:12:32 251 [Note] InnoDB: Completed initialization of buffer pool
2016-05-23 18:12:32 251 [Note] InnoDB: Highest supported file format is Barracuda.
2016-05-23 18:12:32 251 [Note] InnoDB: 128 rollback segment(s) are active.
2016-05-23 18:12:32 251 [Note] InnoDB: Waiting for purge to start
2016-05-23 18:12:32 251 [Note] InnoDB: 5.6.23 started; log sequence number 1626067
Warning: World-writable config file './auto.cnf' is ignored
2016-05-23 18:12:32 251 [Warning] World-writable config file './auto.cnf' has been removed.

2016-05-23 18:12:32 251 [Warning] No existing UUID has been found, so we assume that this is the first time that this server has been started. Generating a new UUID: eb27dcdd-2111-11e6-aa80-0242ac110002.
2016-05-23 18:12:32 251 [Note] Server hostname (bind-address): '*'; port: 3306
2016-05-23 18:12:32 251 [Note] IPv6 is available.
2016-05-23 18:12:32 251 [Note]   - '::' resolves to '::';
2016-05-23 18:12:32 251 [Note] Server socket created on IP: '::'.
2016-05-23 18:12:32 251 [ERROR] Can't start server : Bind on unix socket: Operation not permitted
2016-05-23 18:12:32 251 [ERROR] Do you already have another mysqld server running on socket: /var/lib/mysql/mysql.sock ?
2016-05-23 18:12:32 251 [ERROR] Aborting

2016-05-23 18:12:32 251 [Note] Binlog end
2016-05-23 18:12:32 251 [Note] Shutting down plugin 'partition'
2016-05-23 18:12:32 251 [Note] Shutting down plugin 'INNODB_SYS_DATAFILES'
2016-05-23 18:12:32 251 [Note] Shutting down plugin 'INNODB_SYS_TABLESPACES'
2016-05-23 18:12:32 251 [Note] Shutting down plugin 'INNODB_SYS_FOREIGN_COLS'
2016-05-23 18:12:32 251 [Note] Shutting down plugin 'INNODB_SYS_FOREIGN'
2016-05-23 18:12:32 251 [Note] Shutting down plugin 'INNODB_SYS_FIELDS'
2016-05-23 18:12:32 251 [Note] Shutting down plugin 'INNODB_SYS_COLUMNS'
2016-05-23 18:12:32 251 [Note] Shutting down plugin 'INNODB_SYS_INDEXES'
2016-05-23 18:12:32 251 [Note] Shutting down plugin 'INNODB_SYS_TABLESTATS'
2016-05-23 18:12:32 251 [Note] Shutting down plugin 'INNODB_SYS_TABLES'
2016-05-23 18:12:32 251 [Note] Shutting down plugin 'INNODB_FT_INDEX_TABLE'
2016-05-23 18:12:32 251 [Note] Shutting down plugin 'INNODB_FT_INDEX_CACHE'
2016-05-23 18:12:32 251 [Note] Shutting down plugin 'INNODB_FT_CONFIG'
2016-05-23 18:12:32 251 [Note] Shutting down plugin 'INNODB_FT_BEING_DELETED'
2016-05-23 18:12:32 251 [Note] Shutting down plugin 'INNODB_FT_DELETED'
2016-05-23 18:12:32 251 [Note] Shutting down plugin 'INNODB_FT_DEFAULT_STOPWORD'
2016-05-23 18:12:32 251 [Note] Shutting down plugin 'INNODB_METRICS'
2016-05-23 18:12:32 251 [Note] Shutting down plugin 'INNODB_BUFFER_POOL_STATS'
2016-05-23 18:12:32 251 [Note] Shutting down plugin 'INNODB_BUFFER_PAGE_LRU'
2016-05-23 18:12:32 251 [Note] Shutting down plugin 'INNODB_BUFFER_PAGE'
2016-05-23 18:12:32 251 [Note] Shutting down plugin 'INNODB_CMP_PER_INDEX_RESET'
2016-05-23 18:12:32 251 [Note] Shutting down plugin 'INNODB_CMP_PER_INDEX'
2016-05-23 18:12:32 251 [Note] Shutting down plugin 'INNODB_CMPMEM_RESET'
2016-05-23 18:12:32 251 [Note] Shutting down plugin 'INNODB_CMPMEM'
2016-05-23 18:12:32 251 [Note] Shutting down plugin 'INNODB_CMP_RESET'
2016-05-23 18:12:32 251 [Note] Shutting down plugin 'INNODB_CMP'
2016-05-23 18:12:32 251 [Note] Shutting down plugin 'INNODB_LOCK_WAITS'
2016-05-23 18:12:32 251 [Note] Shutting down plugin 'INNODB_LOCKS'
2016-05-23 18:12:32 251 [Note] Shutting down plugin 'INNODB_TRX'
2016-05-23 18:12:32 251 [Note] Shutting down plugin 'InnoDB'
2016-05-23 18:12:32 251 [Note] InnoDB: FTS optimize thread exiting.
2016-05-23 18:12:32 251 [Note] InnoDB: Starting shutdown...
